六月 27, 2017 10:29:43 上午 org.apache.catalina.startup.VersionLoggerListener log
信息: Server version:        Apache Tomcat/7.0.64
六月 27, 2017 10:29:43 上午 org.apache.catalina.startup.VersionLoggerListener log
信息: Server built:          Aug 19 2015 17:18:06 UTC
六月 27, 2017 10:29:43 上午 org.apache.catalina.startup.VersionLoggerListener log
信息: Server number:         7.0.64.0
六月 27, 2017 10:29:43 上午 org.apache.catalina.startup.VersionLoggerListener log
信息: OS Name:               Windows 10
六月 27, 2017 10:29:43 上午 org.apache.catalina.startup.VersionLoggerListener log
信息: OS Version:            10.0
六月 27, 2017 10:29:43 上午 org.apache.catalina.startup.VersionLoggerListener log
信息: Architecture:          x86
六月 27, 2017 10:29:43 上午 org.apache.catalina.startup.VersionLoggerListener log
信息: Java Home:             C:\Users\X7TI\Downloads\tomcat_with_jdk_hsqldb_tmall\tomcat_with_jdk_hsqldb_tmall\jdk\jre
六月 27, 2017 10:29:43 上午 org.apache.catalina.startup.VersionLoggerListener log
信息: JVM Version:           1.8.0_65-b17
六月 27, 2017 10:29:43 上午 org.apache.catalina.startup.VersionLoggerListener log
信息: JVM Vendor:            Oracle Corporation
六月 27, 2017 10:29:43 上午 org.apache.catalina.startup.VersionLoggerListener log
信息: CATALINA_BASE:         C:\Users\X7TI\Downloads\tomcat_with_jdk_hsqldb_tmall\tomcat_with_jdk_hsqldb_tmall
六月 27, 2017 10:29:43 上午 org.apache.catalina.startup.VersionLoggerListener log
信息: CATALINA_HOME:         C:\Users\X7TI\Downloads\tomcat_with_jdk_hsqldb_tmall\tomcat_with_jdk_hsqldb_tmall
六月 27, 2017 10:29:43 上午 org.apache.catalina.startup.VersionLoggerListener log
信息: Command line argument: -Djava.util.logging.config.file=C:\Users\X7TI\Downloads\tomcat_with_jdk_hsqldb_tmall\tomcat_with_jdk_hsqldb_tmall\conf\logging.properties
六月 27, 2017 10:29:43 上午 org.apache.catalina.startup.VersionLoggerListener log
信息: Command line argument: -Djava.util.logging.manager=org.apache.juli.ClassLoaderLogManager
六月 27, 2017 10:29:43 上午 org.apache.catalina.startup.VersionLoggerListener log
信息: Command line argument: -Djava.endorsed.dirs=C:\Users\X7TI\Downloads\tomcat_with_jdk_hsqldb_tmall\tomcat_with_jdk_hsqldb_tmall\endorsed
六月 27, 2017 10:29:43 上午 org.apache.catalina.startup.VersionLoggerListener log
信息: Command line argument: -Dcatalina.base=C:\Users\X7TI\Downloads\tomcat_with_jdk_hsqldb_tmall\tomcat_with_jdk_hsqldb_tmall
六月 27, 2017 10:29:43 上午 org.apache.catalina.startup.VersionLoggerListener log
信息: Command line argument: -Dcatalina.home=C:\Users\X7TI\Downloads\tomcat_with_jdk_hsqldb_tmall\tomcat_with_jdk_hsqldb_tmall
六月 27, 2017 10:29:43 上午 org.apache.catalina.startup.VersionLoggerListener log
信息: Command line argument: -Djava.io.tmpdir=C:\Users\X7TI\Downloads\tomcat_with_jdk_hsqldb_tmall\tomcat_with_jdk_hsqldb_tmall\temp
六月 27, 2017 10:29:43 上午 org.apache.catalina.core.AprLifecycleListener lifecycleEvent
信息: The APR based Apache Tomcat Native library which allows optimal performance in production environments was not found on the java.library.path: C:\Users\X7TI\Downloads\tomcat_with_jdk_hsqldb_tmall\tomcat_with_jdk_hsqldb_tmall\jdk\jre\bin;C:\Windows\Sun\Java\bin;C:\Windows\system32;C:\Windows;C:\Windows\system32;C:\Windows;C:\Windows\System32\Wbem;C:\Windows\System32\WindowsPowerShell\v1.0\;D:\software\jdk8\bin;C:\Program Files (x86)\NVIDIA Corporation\PhysX\Common;C:\Users\X7TI\AppData\Local\Microsoft\WindowsApps;;.
六月 27, 2017 10:29:43 上午 org.apache.coyote.AbstractProtocol init
信息: Initializing ProtocolHandler ["http-bio-3030"]
六月 27, 2017 10:29:43 上午 org.apache.coyote.AbstractProtocol init
信息: Initializing ProtocolHandler ["ajp-bio-3039"]
六月 27, 2017 10:29:43 上午 org.apache.catalina.startup.Catalina load
信息: Initialization processed in 340 ms
六月 27, 2017 10:29:43 上午 org.apache.catalina.core.StandardService startInternal
信息: Starting service Catalina
六月 27, 2017 10:29:43 上午 org.apache.catalina.core.StandardEngine startInternal
信息: Starting Servlet Engine: Apache Tomcat/7.0.64
六月 27, 2017 10:29:43 上午 org.apache.catalina.startup.HostConfig deployDirectory
信息: Deploying web application directory C:\Users\X7TI\Downloads\tomcat_with_jdk_hsqldb_tmall\tomcat_with_jdk_hsqldb_tmall\webapps\tmall_ssh
六月 27, 2017 10:29:43 上午 org.apache.catalina.loader.WebappClassLoader validateJarFile
信息: validateJarFile(C:\Users\X7TI\Downloads\tomcat_with_jdk_hsqldb_tmall\tomcat_with_jdk_hsqldb_tmall\webapps\tmall_ssh\WEB-INF\lib\servlet-api.jar) - jar not loaded. See Servlet Spec 3.0, section 10.7.2. Offending class: javax/servlet/Servlet.class
六月 27, 2017 10:29:45 上午 org.apache.catalina.startup.TldConfig execute
信息: At least one JAR was scanned for TLDs yet contained no TLDs. Enable debug logging for this logger for a complete list of JARs that were scanned but no TLDs were found in them. Skipping unneeded JARs during scanning can improve startup time and JSP compilation time.
六月 27, 2017 10:29:45 上午 org.apache.catalina.core.StandardContext startInternal
严重: One or more listeners failed to start. Full details will be found in the appropriate container log file
六月 27, 2017 10:29:45 上午 org.apache.catalina.util.SessionIdGeneratorBase createSecureRandom
信息: Creation of SecureRandom instance for session ID generation using [SHA1PRNG] took [141] milliseconds.
六月 27, 2017 10:29:45 上午 org.apache.catalina.core.StandardContext startInternal
严重: Context [/tmall_ssh] startup failed due to previous errors
六月 27, 2017 10:29:45 上午 org.apache.catalina.startup.HostConfig deployDirectory
信息: Deployment of web application directory C:\Users\X7TI\Downloads\tomcat_with_jdk_hsqldb_tmall\tomcat_with_jdk_hsqldb_tmall\webapps\tmall_ssh has finished in 1,985 ms
六月 27, 2017 10:29:45 上午 org.apache.coyote.AbstractProtocol start
信息: Starting ProtocolHandler ["http-bio-3030"]
六月 27, 2017 10:29:45 上午 org.apache.coyote.AbstractProtocol start
信息: Starting ProtocolHandler ["ajp-bio-3039"]
六月 27, 2017 10:29:45 上午 org.apache.catalina.startup.Catalina start
信息: Server startup in 2039 ms
六月 27, 2017 10:30:55 上午 org.apache.coyote.AbstractProtocol pause
信息: Pausing ProtocolHandler ["http-bio-3030"]
六月 27, 2017 10:30:55 上午 org.apache.coyote.AbstractProtocol pause
信息: Pausing ProtocolHandler ["ajp-bio-3039"]
六月 27, 2017 10:30:55 上午 org.apache.catalina.core.StandardService stopInternal
信息: Stopping service Catalina
六月 27, 2017 10:30:55 上午 org.apache.coyote.AbstractProtocol stop
信息: Stopping ProtocolHandler ["http-bio-3030"]
六月 27, 2017 10:30:55 上午 org.apache.coyote.AbstractProtocol stop
信息: Stopping ProtocolHandler ["ajp-bio-3039"]
六月 27, 2017 10:30:55 上午 org.apache.coyote.AbstractProtocol destroy
信息: Destroying ProtocolHandler ["http-bio-3030"]
六月 27, 2017 10:30:55 上午 org.apache.coyote.AbstractProtocol destroy
信息: Destroying ProtocolHandler ["ajp-bio-3039"]
六月 27, 2017 10:30:59 上午 org.apache.catalina.startup.VersionLoggerListener log
信息: Server version:        Apache Tomcat/7.0.64
六月 27, 2017 10:30:59 上午 org.apache.catalina.startup.VersionLoggerListener log
信息: Server built:          Aug 19 2015 17:18:06 UTC
六月 27, 2017 10:30:59 上午 org.apache.catalina.startup.VersionLoggerListener log
信息: Server number:         7.0.64.0
六月 27, 2017 10:30:59 上午 org.apache.catalina.startup.VersionLoggerListener log
信息: OS Name:               Windows 10
六月 27, 2017 10:30:59 上午 org.apache.catalina.startup.VersionLoggerListener log
信息: OS Version:            10.0
六月 27, 2017 10:30:59 上午 org.apache.catalina.startup.VersionLoggerListener log
信息: Architecture:          x86
六月 27, 2017 10:30:59 上午 org.apache.catalina.startup.VersionLoggerListener log
信息: Java Home:             C:\Users\X7TI\Downloads\tomcat_with_jdk_hsqldb_tmall\tomcat_with_jdk_hsqldb_tmall\jdk\jre
六月 27, 2017 10:30:59 上午 org.apache.catalina.startup.VersionLoggerListener log
信息: JVM Version:           1.8.0_65-b17
六月 27, 2017 10:30:59 上午 org.apache.catalina.startup.VersionLoggerListener log
信息: JVM Vendor:            Oracle Corporation
六月 27, 2017 10:30:59 上午 org.apache.catalina.startup.VersionLoggerListener log
信息: CATALINA_BASE:         C:\Users\X7TI\Downloads\tomcat_with_jdk_hsqldb_tmall\tomcat_with_jdk_hsqldb_tmall
六月 27, 2017 10:30:59 上午 org.apache.catalina.startup.VersionLoggerListener log
信息: CATALINA_HOME:         C:\Users\X7TI\Downloads\tomcat_with_jdk_hsqldb_tmall\tomcat_with_jdk_hsqldb_tmall
六月 27, 2017 10:30:59 上午 org.apache.catalina.startup.VersionLoggerListener log
信息: Command line argument: -Djava.util.logging.config.file=C:\Users\X7TI\Downloads\tomcat_with_jdk_hsqldb_tmall\tomcat_with_jdk_hsqldb_tmall\conf\logging.properties
六月 27, 2017 10:30:59 上午 org.apache.catalina.startup.VersionLoggerListener log
信息: Command line argument: -Djava.util.logging.manager=org.apache.juli.ClassLoaderLogManager
六月 27, 2017 10:30:59 上午 org.apache.catalina.startup.VersionLoggerListener log
信息: Command line argument: -Djava.endorsed.dirs=C:\Users\X7TI\Downloads\tomcat_with_jdk_hsqldb_tmall\tomcat_with_jdk_hsqldb_tmall\endorsed
六月 27, 2017 10:30:59 上午 org.apache.catalina.startup.VersionLoggerListener log
信息: Command line argument: -Dcatalina.base=C:\Users\X7TI\Downloads\tomcat_with_jdk_hsqldb_tmall\tomcat_with_jdk_hsqldb_tmall
六月 27, 2017 10:30:59 上午 org.apache.catalina.startup.VersionLoggerListener log
信息: Command line argument: -Dcatalina.home=C:\Users\X7TI\Downloads\tomcat_with_jdk_hsqldb_tmall\tomcat_with_jdk_hsqldb_tmall
六月 27, 2017 10:30:59 上午 org.apache.catalina.startup.VersionLoggerListener log
信息: Command line argument: -Djava.io.tmpdir=C:\Users\X7TI\Downloads\tomcat_with_jdk_hsqldb_tmall\tomcat_with_jdk_hsqldb_tmall\temp
六月 27, 2017 10:30:59 上午 org.apache.catalina.core.AprLifecycleListener lifecycleEvent
信息: The APR based Apache Tomcat Native library which allows optimal performance in production environments was not found on the java.library.path: C:\Users\X7TI\Downloads\tomcat_with_jdk_hsqldb_tmall\tomcat_with_jdk_hsqldb_tmall\jdk\jre\bin;C:\Windows\Sun\Java\bin;C:\Windows\system32;C:\Windows;C:\Windows\system32;C:\Windows;C:\Windows\System32\Wbem;C:\Windows\System32\WindowsPowerShell\v1.0\;D:\software\jdk8\bin;C:\Program Files (x86)\NVIDIA Corporation\PhysX\Common;C:\Users\X7TI\AppData\Local\Microsoft\WindowsApps;;.
六月 27, 2017 10:31:00 上午 org.apache.coyote.AbstractProtocol init
信息: Initializing ProtocolHandler ["http-bio-3030"]
六月 27, 2017 10:31:00 上午 org.apache.coyote.AbstractProtocol init
信息: Initializing ProtocolHandler ["ajp-bio-3039"]
六月 27, 2017 10:31:00 上午 org.apache.catalina.startup.Catalina load
信息: Initialization processed in 398 ms
六月 27, 2017 10:31:00 上午 org.apache.catalina.core.StandardService startInternal
信息: Starting service Catalina
六月 27, 2017 10:31:00 上午 org.apache.catalina.core.StandardEngine startInternal
信息: Starting Servlet Engine: Apache Tomcat/7.0.64
六月 27, 2017 10:31:00 上午 org.apache.catalina.startup.HostConfig deployDirectory
信息: Deploying web application directory C:\Users\X7TI\Downloads\tomcat_with_jdk_hsqldb_tmall\tomcat_with_jdk_hsqldb_tmall\webapps\tmall_ssh
六月 27, 2017 10:31:00 上午 org.apache.catalina.loader.WebappClassLoader validateJarFile
信息: validateJarFile(C:\Users\X7TI\Downloads\tomcat_with_jdk_hsqldb_tmall\tomcat_with_jdk_hsqldb_tmall\webapps\tmall_ssh\WEB-INF\lib\servlet-api.jar) - jar not loaded. See Servlet Spec 3.0, section 10.7.2. Offending class: javax/servlet/Servlet.class
六月 27, 2017 10:31:01 上午 org.apache.catalina.startup.TldConfig execute
信息: At least one JAR was scanned for TLDs yet contained no TLDs. Enable debug logging for this logger for a complete list of JARs that were scanned but no TLDs were found in them. Skipping unneeded JARs during scanning can improve startup time and JSP compilation time.
六月 27, 2017 10:31:04 上午 org.apache.catalina.startup.HostConfig deployDirectory
信息: Deployment of web application directory C:\Users\X7TI\Downloads\tomcat_with_jdk_hsqldb_tmall\tomcat_with_jdk_hsqldb_tmall\webapps\tmall_ssh has finished in 3,969 ms
六月 27, 2017 10:31:04 上午 org.apache.coyote.AbstractProtocol start
信息: Starting ProtocolHandler ["http-bio-3030"]
六月 27, 2017 10:31:04 上午 org.apache.coyote.AbstractProtocol start
信息: Starting ProtocolHandler ["ajp-bio-3039"]
六月 27, 2017 10:31:04 上午 org.apache.catalina.startup.Catalina start
信息: Server startup in 4006 ms
六月 27, 2017 10:31:46 上午 org.apache.coyote.AbstractProtocol pause
信息: Pausing ProtocolHandler ["http-bio-3030"]
六月 27, 2017 10:31:46 上午 org.apache.coyote.AbstractProtocol pause
信息: Pausing ProtocolHandler ["ajp-bio-3039"]
六月 27, 2017 10:31:46 上午 org.apache.catalina.core.StandardService stopInternal
信息: Stopping service Catalina
六月 27, 2017 10:31:46 上午 org.apache.catalina.loader.WebappClassLoader clearReferencesJdbc
严重: The web application [/tmall_ssh] registered the JDBC driver [org.hsqldb.jdbc.JDBCDriver] but failed to unregister it when the web application was stopped. To prevent a memory leak, the JDBC Driver has been forcibly unregistered.
六月 27, 2017 10:31:46 上午 org.apache.catalina.loader.WebappClassLoader clearReferencesThreads
严重: The web application [/tmall_ssh] appears to have started a thread named [HSQLDB Timer @13e9a73] but has failed to stop it. This is very likely to create a memory leak.
六月 27, 2017 10:31:46 上午 org.apache.catalina.loader.WebappClassLoader checkThreadLocalMapForLeaks
严重: The web application [/tmall_ssh] created a ThreadLocal with key of type [com.opensymphony.xwork2.inject.ContainerImpl$10] (value [com.opensymphony.xwork2.inject.ContainerImpl$10@719ecc]) and a value of type [java.lang.Object[]] (value [[Ljava.lang.Object;@11f55e2]) but failed to remove it when the web application was stopped. Threads are going to be renewed over time to try and avoid a probable memory leak.
六月 27, 2017 10:31:46 上午 org.apache.coyote.AbstractProtocol stop
信息: Stopping ProtocolHandler ["http-bio-3030"]
六月 27, 2017 10:31:46 上午 org.apache.coyote.AbstractProtocol stop
信息: Stopping ProtocolHandler ["ajp-bio-3039"]
六月 27, 2017 10:31:46 上午 org.apache.coyote.AbstractProtocol destroy
信息: Destroying ProtocolHandler ["http-bio-3030"]
六月 27, 2017 10:31:46 上午 org.apache.coyote.AbstractProtocol destroy
信息: Destroying ProtocolHandler ["ajp-bio-3039"]
六月 27, 2017 10:32:07 上午 org.apache.catalina.startup.VersionLoggerListener log
信息: Server version:        Apache Tomcat/7.0.64
六月 27, 2017 10:32:07 上午 org.apache.catalina.startup.VersionLoggerListener log
信息: Server built:          Aug 19 2015 17:18:06 UTC
六月 27, 2017 10:32:07 上午 org.apache.catalina.startup.VersionLoggerListener log
信息: Server number:         7.0.64.0
六月 27, 2017 10:32:07 上午 org.apache.catalina.startup.VersionLoggerListener log
信息: OS Name:               Windows 10
六月 27, 2017 10:32:07 上午 org.apache.catalina.startup.VersionLoggerListener log
信息: OS Version:            10.0
六月 27, 2017 10:32:07 上午 org.apache.catalina.startup.VersionLoggerListener log
信息: Architecture:          x86
六月 27, 2017 10:32:07 上午 org.apache.catalina.startup.VersionLoggerListener log
信息: Java Home:             C:\Users\X7TI\Downloads\tomcat_with_jdk_hsqldb_tmall\tomcat_with_jdk_hsqldb_tmall\jdk\jre
六月 27, 2017 10:32:07 上午 org.apache.catalina.startup.VersionLoggerListener log
信息: JVM Version:           1.8.0_65-b17
六月 27, 2017 10:32:07 上午 org.apache.catalina.startup.VersionLoggerListener log
信息: JVM Vendor:            Oracle Corporation
六月 27, 2017 10:32:07 上午 org.apache.catalina.startup.VersionLoggerListener log
信息: CATALINA_BASE:         C:\Users\X7TI\Downloads\tomcat_with_jdk_hsqldb_tmall\tomcat_with_jdk_hsqldb_tmall
六月 27, 2017 10:32:07 上午 org.apache.catalina.startup.VersionLoggerListener log
信息: CATALINA_HOME:         C:\Users\X7TI\Downloads\tomcat_with_jdk_hsqldb_tmall\tomcat_with_jdk_hsqldb_tmall
六月 27, 2017 10:32:07 上午 org.apache.catalina.startup.VersionLoggerListener log
信息: Command line argument: -Djava.util.logging.config.file=C:\Users\X7TI\Downloads\tomcat_with_jdk_hsqldb_tmall\tomcat_with_jdk_hsqldb_tmall\conf\logging.properties
六月 27, 2017 10:32:07 上午 org.apache.catalina.startup.VersionLoggerListener log
信息: Command line argument: -Djava.util.logging.manager=org.apache.juli.ClassLoaderLogManager
六月 27, 2017 10:32:07 上午 org.apache.catalina.startup.VersionLoggerListener log
信息: Command line argument: -Djava.endorsed.dirs=C:\Users\X7TI\Downloads\tomcat_with_jdk_hsqldb_tmall\tomcat_with_jdk_hsqldb_tmall\endorsed
六月 27, 2017 10:32:07 上午 org.apache.catalina.startup.VersionLoggerListener log
信息: Command line argument: -Dcatalina.base=C:\Users\X7TI\Downloads\tomcat_with_jdk_hsqldb_tmall\tomcat_with_jdk_hsqldb_tmall
六月 27, 2017 10:32:07 上午 org.apache.catalina.startup.VersionLoggerListener log
信息: Command line argument: -Dcatalina.home=C:\Users\X7TI\Downloads\tomcat_with_jdk_hsqldb_tmall\tomcat_with_jdk_hsqldb_tmall
六月 27, 2017 10:32:07 上午 org.apache.catalina.startup.VersionLoggerListener log
信息: Command line argument: -Djava.io.tmpdir=C:\Users\X7TI\Downloads\tomcat_with_jdk_hsqldb_tmall\tomcat_with_jdk_hsqldb_tmall\temp
六月 27, 2017 10:32:07 上午 org.apache.catalina.core.AprLifecycleListener lifecycleEvent
信息: The APR based Apache Tomcat Native library which allows optimal performance in production environments was not found on the java.library.path: C:\Users\X7TI\Downloads\tomcat_with_jdk_hsqldb_tmall\tomcat_with_jdk_hsqldb_tmall\jdk\jre\bin;C:\Windows\Sun\Java\bin;C:\Windows\system32;C:\Windows;C:\Windows\system32;C:\Windows;C:\Windows\System32\Wbem;C:\Windows\System32\WindowsPowerShell\v1.0\;D:\software\jdk8\bin;C:\Program Files (x86)\NVIDIA Corporation\PhysX\Common;C:\Users\X7TI\AppData\Local\Microsoft\WindowsApps;.
六月 27, 2017 10:32:07 上午 org.apache.coyote.AbstractProtocol init
信息: Initializing ProtocolHandler ["http-bio-3030"]
六月 27, 2017 10:32:07 上午 org.apache.coyote.AbstractProtocol init
信息: Initializing ProtocolHandler ["ajp-bio-3039"]
六月 27, 2017 10:32:07 上午 org.apache.catalina.startup.Catalina load
信息: Initialization processed in 317 ms
六月 27, 2017 10:32:07 上午 org.apache.catalina.core.StandardService startInternal
信息: Starting service Catalina
六月 27, 2017 10:32:07 上午 org.apache.catalina.core.StandardEngine startInternal
信息: Starting Servlet Engine: Apache Tomcat/7.0.64
六月 27, 2017 10:32:07 上午 org.apache.catalina.startup.HostConfig deployDirectory
信息: Deploying web application directory C:\Users\X7TI\Downloads\tomcat_with_jdk_hsqldb_tmall\tomcat_with_jdk_hsqldb_tmall\webapps\tmall_ssh
六月 27, 2017 10:32:07 上午 org.apache.catalina.loader.WebappClassLoader validateJarFile
信息: validateJarFile(C:\Users\X7TI\Downloads\tomcat_with_jdk_hsqldb_tmall\tomcat_with_jdk_hsqldb_tmall\webapps\tmall_ssh\WEB-INF\lib\servlet-api.jar) - jar not loaded. See Servlet Spec 3.0, section 10.7.2. Offending class: javax/servlet/Servlet.class
六月 27, 2017 10:32:08 上午 org.apache.catalina.startup.TldConfig execute
信息: At least one JAR was scanned for TLDs yet contained no TLDs. Enable debug logging for this logger for a complete list of JARs that were scanned but no TLDs were found in them. Skipping unneeded JARs during scanning can improve startup time and JSP compilation time.
六月 27, 2017 10:32:11 上午 org.apache.catalina.startup.HostConfig deployDirectory
信息: Deployment of web application directory C:\Users\X7TI\Downloads\tomcat_with_jdk_hsqldb_tmall\tomcat_with_jdk_hsqldb_tmall\webapps\tmall_ssh has finished in 4,110 ms
六月 27, 2017 10:32:11 上午 org.apache.coyote.AbstractProtocol start
信息: Starting ProtocolHandler ["http-bio-3030"]
六月 27, 2017 10:32:11 上午 org.apache.coyote.AbstractProtocol start
信息: Starting ProtocolHandler ["ajp-bio-3039"]
六月 27, 2017 10:32:11 上午 org.apache.catalina.startup.Catalina start
信息: Server startup in 4142 ms
六月 27, 2017 10:32:24 上午 org.apache.jasper.compiler.TldLocationsCache tldScanJar
信息: At least one JAR was scanned for TLDs yet contained no TLDs. Enable debug logging for this logger for a complete list of JARs that were scanned but no TLDs were found in them. Skipping unneeded JARs during scanning can improve startup time and JSP compilation time.
六月 27, 2017 10:33:14 上午 org.apache.coyote.AbstractProtocol pause
信息: Pausing ProtocolHandler ["http-bio-3030"]
六月 27, 2017 10:33:14 上午 org.apache.coyote.AbstractProtocol pause
信息: Pausing ProtocolHandler ["ajp-bio-3039"]
六月 27, 2017 10:33:15 上午 org.apache.catalina.core.StandardService stopInternal
信息: Stopping service Catalina
六月 27, 2017 10:33:15 上午 org.apache.catalina.loader.WebappClassLoader clearReferencesJdbc
严重: The web application [/tmall_ssh] registered the JDBC driver [org.hsqldb.jdbc.JDBCDriver] but failed to unregister it when the web application was stopped. To prevent a memory leak, the JDBC Driver has been forcibly unregistered.
六月 27, 2017 10:33:15 上午 org.apache.catalina.loader.WebappClassLoader clearReferencesThreads
严重: The web application [/tmall_ssh] appears to have started a thread named [HSQLDB Timer @ea3dae] but has failed to stop it. This is very likely to create a memory leak.
六月 27, 2017 10:33:15 上午 org.apache.catalina.loader.WebappClassLoader checkThreadLocalMapForLeaks
严重: The web application [/tmall_ssh] created a ThreadLocal with key of type [com.opensymphony.xwork2.inject.ContainerImpl$10] (value [com.opensymphony.xwork2.inject.ContainerImpl$10@1c24407]) and a value of type [java.lang.Object[]] (value [[Ljava.lang.Object;@198f03c]) but failed to remove it when the web application was stopped. Threads are going to be renewed over time to try and avoid a probable memory leak.
六月 27, 2017 10:33:15 上午 org.apache.catalina.loader.WebappClassLoader checkThreadLocalMapForLeaks
严重: The web application [/tmall_ssh] created a ThreadLocal with key of type [com.opensymphony.xwork2.inject.ContainerImpl$10] (value [com.opensymphony.xwork2.inject.ContainerImpl$10@1c24407]) and a value of type [java.lang.Object[]] (value [[Ljava.lang.Object;@cd86a]) but failed to remove it when the web application was stopped. Threads are going to be renewed over time to try and avoid a probable memory leak.
六月 27, 2017 10:33:15 上午 org.apache.catalina.loader.WebappClassLoader checkThreadLocalMapForLeaks
严重: The web application [/tmall_ssh] created a ThreadLocal with key of type [com.opensymphony.xwork2.inject.ContainerImpl$10] (value [com.opensymphony.xwork2.inject.ContainerImpl$10@1c24407]) and a value of type [java.lang.Object[]] (value [[Ljava.lang.Object;@16d46d0]) but failed to remove it when the web application was stopped. Threads are going to be renewed over time to try and avoid a probable memory leak.
六月 27, 2017 10:33:15 上午 org.apache.coyote.AbstractProtocol stop
信息: Stopping ProtocolHandler ["http-bio-3030"]
六月 27, 2017 10:33:15 上午 org.apache.coyote.AbstractProtocol stop
信息: Stopping ProtocolHandler ["ajp-bio-3039"]
六月 27, 2017 10:33:15 上午 org.apache.coyote.AbstractProtocol destroy
信息: Destroying ProtocolHandler ["http-bio-3030"]
六月 27, 2017 10:33:15 上午 org.apache.coyote.AbstractProtocol destroy
信息: Destroying ProtocolHandler ["ajp-bio-3039"]
六月 27, 2017 5:04:00 下午 org.apache.catalina.startup.VersionLoggerListener log
信息: Server version:        Apache Tomcat/7.0.64
六月 27, 2017 5:04:00 下午 org.apache.catalina.startup.VersionLoggerListener log
信息: Server built:          Aug 19 2015 17:18:06 UTC
六月 27, 2017 5:04:00 下午 org.apache.catalina.startup.VersionLoggerListener log
信息: Server number:         7.0.64.0
六月 27, 2017 5:04:00 下午 org.apache.catalina.startup.VersionLoggerListener log
信息: OS Name:               Windows 10
六月 27, 2017 5:04:00 下午 org.apache.catalina.startup.VersionLoggerListener log
信息: OS Version:            10.0
六月 27, 2017 5:04:00 下午 org.apache.catalina.startup.VersionLoggerListener log
信息: Architecture:          x86
六月 27, 2017 5:04:00 下午 org.apache.catalina.startup.VersionLoggerListener log
信息: Java Home:             C:\Users\X7TI\Downloads\tomcat_with_jdk_hsqldb_tmall_ssh\jdk\jre
六月 27, 2017 5:04:00 下午 org.apache.catalina.startup.VersionLoggerListener log
信息: JVM Version:           1.8.0_65-b17
六月 27, 2017 5:04:00 下午 org.apache.catalina.startup.VersionLoggerListener log
信息: JVM Vendor:            Oracle Corporation
六月 27, 2017 5:04:00 下午 org.apache.catalina.startup.VersionLoggerListener log
信息: CATALINA_BASE:         C:\Users\X7TI\Downloads\tomcat_with_jdk_hsqldb_tmall_ssh
六月 27, 2017 5:04:00 下午 org.apache.catalina.startup.VersionLoggerListener log
信息: CATALINA_HOME:         C:\Users\X7TI\Downloads\tomcat_with_jdk_hsqldb_tmall_ssh
六月 27, 2017 5:04:00 下午 org.apache.catalina.startup.VersionLoggerListener log
信息: Command line argument: -Djava.util.logging.config.file=C:\Users\X7TI\Downloads\tomcat_with_jdk_hsqldb_tmall_ssh\conf\logging.properties
六月 27, 2017 5:04:00 下午 org.apache.catalina.startup.VersionLoggerListener log
信息: Command line argument: -Djava.util.logging.manager=org.apache.juli.ClassLoaderLogManager
六月 27, 2017 5:04:00 下午 org.apache.catalina.startup.VersionLoggerListener log
信息: Command line argument: -Djava.endorsed.dirs=C:\Users\X7TI\Downloads\tomcat_with_jdk_hsqldb_tmall_ssh\endorsed
六月 27, 2017 5:04:00 下午 org.apache.catalina.startup.VersionLoggerListener log
信息: Command line argument: -Dcatalina.base=C:\Users\X7TI\Downloads\tomcat_with_jdk_hsqldb_tmall_ssh
六月 27, 2017 5:04:00 下午 org.apache.catalina.startup.VersionLoggerListener log
信息: Command line argument: -Dcatalina.home=C:\Users\X7TI\Downloads\tomcat_with_jdk_hsqldb_tmall_ssh
六月 27, 2017 5:04:00 下午 org.apache.catalina.startup.VersionLoggerListener log
信息: Command line argument: -Djava.io.tmpdir=C:\Users\X7TI\Downloads\tomcat_with_jdk_hsqldb_tmall_ssh\temp
六月 27, 2017 5:04:00 下午 org.apache.catalina.core.AprLifecycleListener lifecycleEvent
信息: The APR based Apache Tomcat Native library which allows optimal performance in production environments was not found on the java.library.path: C:\Users\X7TI\Downloads\tomcat_with_jdk_hsqldb_tmall_ssh\jdk\jre\bin;C:\Windows\Sun\Java\bin;C:\Windows\system32;C:\Windows;C:\Windows\system32;C:\Windows;C:\Windows\System32\Wbem;C:\Windows\System32\WindowsPowerShell\v1.0\;D:\software\jdk8\bin;C:\Program Files (x86)\NVIDIA Corporation\PhysX\Common;C:\Users\X7TI\AppData\Local\Microsoft\WindowsApps;;.
六月 27, 2017 5:04:00 下午 org.apache.coyote.AbstractProtocol init
信息: Initializing ProtocolHandler ["http-bio-3030"]
六月 27, 2017 5:04:00 下午 org.apache.coyote.AbstractProtocol init
信息: Initializing ProtocolHandler ["ajp-bio-3039"]
六月 27, 2017 5:04:00 下午 org.apache.catalina.startup.Catalina load
信息: Initialization processed in 354 ms
六月 27, 2017 5:04:00 下午 org.apache.catalina.core.StandardService startInternal
信息: Starting service Catalina
六月 27, 2017 5:04:00 下午 org.apache.catalina.core.StandardEngine startInternal
信息: Starting Servlet Engine: Apache Tomcat/7.0.64
六月 27, 2017 5:04:00 下午 org.apache.catalina.startup.HostConfig deployDirectory
信息: Deploying web application directory C:\Users\X7TI\Downloads\tomcat_with_jdk_hsqldb_tmall_ssh\webapps\tmall_ssh
六月 27, 2017 5:04:01 下午 org.apache.catalina.loader.WebappClassLoader validateJarFile
信息: validateJarFile(C:\Users\X7TI\Downloads\tomcat_with_jdk_hsqldb_tmall_ssh\webapps\tmall_ssh\WEB-INF\lib\servlet-api.jar) - jar not loaded. See Servlet Spec 3.0, section 10.7.2. Offending class: javax/servlet/Servlet.class
六月 27, 2017 5:04:02 下午 org.apache.catalina.startup.TldConfig execute
信息: At least one JAR was scanned for TLDs yet contained no TLDs. Enable debug logging for this logger for a complete list of JARs that were scanned but no TLDs were found in them. Skipping unneeded JARs during scanning can improve startup time and JSP compilation time.
六月 27, 2017 5:04:05 下午 org.apache.catalina.startup.HostConfig deployDirectory
信息: Deployment of web application directory C:\Users\X7TI\Downloads\tomcat_with_jdk_hsqldb_tmall_ssh\webapps\tmall_ssh has finished in 4,579 ms
六月 27, 2017 5:04:05 下午 org.apache.coyote.AbstractProtocol start
信息: Starting ProtocolHandler ["http-bio-3030"]
六月 27, 2017 5:04:05 下午 org.apache.coyote.AbstractProtocol start
信息: Starting ProtocolHandler ["ajp-bio-3039"]
六月 27, 2017 5:04:05 下午 org.apache.catalina.startup.Catalina start
信息: Server startup in 4609 ms
六月 27, 2017 5:04:15 下午 org.apache.jasper.compiler.TldLocationsCache tldScanJar
信息: At least one JAR was scanned for TLDs yet contained no TLDs. Enable debug logging for this logger for a complete list of JARs that were scanned but no TLDs were found in them. Skipping unneeded JARs during scanning can improve startup time and JSP compilation time.
六月 27, 2017 5:05:07 下午 org.apache.coyote.AbstractProtocol pause
信息: Pausing ProtocolHandler ["http-bio-3030"]
六月 27, 2017 5:05:07 下午 org.apache.coyote.AbstractProtocol pause
信息: Pausing ProtocolHandler ["ajp-bio-3039"]
六月 27, 2017 5:05:07 下午 org.apache.catalina.core.StandardService stopInternal
信息: Stopping service Catalina
六月 27, 2017 5:05:07 下午 org.apache.catalina.loader.WebappClassLoader clearReferencesJdbc
严重: The web application [/tmall_ssh] registered the JDBC driver [org.hsqldb.jdbc.JDBCDriver] but failed to unregister it when the web application was stopped. To prevent a memory leak, the JDBC Driver has been forcibly unregistered.
六月 27, 2017 5:05:07 下午 org.apache.catalina.loader.WebappClassLoader clearReferencesThreads
严重: The web application [/tmall_ssh] appears to have started a thread named [HSQLDB Timer @a0e583] but has failed to stop it. This is very likely to create a memory leak.
六月 27, 2017 5:05:07 下午 org.apache.catalina.loader.WebappClassLoader checkThreadLocalMapForLeaks
严重: The web application [/tmall_ssh] created a ThreadLocal with key of type [com.opensymphony.xwork2.inject.ContainerImpl$10] (value [com.opensymphony.xwork2.inject.ContainerImpl$10@a43823]) and a value of type [java.lang.Object[]] (value [[Ljava.lang.Object;@13b7ba3]) but failed to remove it when the web application was stopped. Threads are going to be renewed over time to try and avoid a probable memory leak.
六月 27, 2017 5:05:07 下午 org.apache.catalina.loader.WebappClassLoader checkThreadLocalMapForLeaks
严重: The web application [/tmall_ssh] created a ThreadLocal with key of type [com.opensymphony.xwork2.inject.ContainerImpl$10] (value [com.opensymphony.xwork2.inject.ContainerImpl$10@a43823]) and a value of type [java.lang.Object[]] (value [[Ljava.lang.Object;@19994c7]) but failed to remove it when the web application was stopped. Threads are going to be renewed over time to try and avoid a probable memory leak.
六月 27, 2017 5:05:07 下午 org.apache.catalina.loader.WebappClassLoader checkThreadLocalMapForLeaks
严重: The web application [/tmall_ssh] created a ThreadLocal with key of type [com.opensymphony.xwork2.inject.ContainerImpl$10] (value [com.opensymphony.xwork2.inject.ContainerImpl$10@a43823]) and a value of type [java.lang.Object[]] (value [[Ljava.lang.Object;@1858981]) but failed to remove it when the web application was stopped. Threads are going to be renewed over time to try and avoid a probable memory leak.
六月 27, 2017 5:05:07 下午 org.apache.catalina.loader.WebappClassLoader checkThreadLocalMapForLeaks
严重: The web application [/tmall_ssh] created a ThreadLocal with key of type [com.opensymphony.xwork2.inject.ContainerImpl$10] (value [com.opensymphony.xwork2.inject.ContainerImpl$10@a43823]) and a value of type [java.lang.Object[]] (value [[Ljava.lang.Object;@3fc1f2]) but failed to remove it when the web application was stopped. Threads are going to be renewed over time to try and avoid a probable memory leak.
六月 27, 2017 5:05:07 下午 org.apache.catalina.loader.WebappClassLoader checkThreadLocalMapForLeaks
严重: The web application [/tmall_ssh] created a ThreadLocal with key of type [com.opensymphony.xwork2.inject.ContainerImpl$10] (value [com.opensymphony.xwork2.inject.ContainerImpl$10@a43823]) and a value of type [java.lang.Object[]] (value [[Ljava.lang.Object;@10dce1c]) but failed to remove it when the web application was stopped. Threads are going to be renewed over time to try and avoid a probable memory leak.
六月 27, 2017 5:05:07 下午 org.apache.catalina.loader.WebappClassLoader checkThreadLocalMapForLeaks
严重: The web application [/tmall_ssh] created a ThreadLocal with key of type [com.opensymphony.xwork2.inject.ContainerImpl$10] (value [com.opensymphony.xwork2.inject.ContainerImpl$10@a43823]) and a value of type [java.lang.Object[]] (value [[Ljava.lang.Object;@838dfd]) but failed to remove it when the web application was stopped. Threads are going to be renewed over time to try and avoid a probable memory leak.
六月 27, 2017 5:05:07 下午 org.apache.catalina.loader.WebappClassLoader checkThreadLocalMapForLeaks
严重: The web application [/tmall_ssh] created a ThreadLocal with key of type [com.opensymphony.xwork2.inject.ContainerImpl$10] (value [com.opensymphony.xwork2.inject.ContainerImpl$10@a43823]) and a value of type [java.lang.Object[]] (value [[Ljava.lang.Object;@f9ef4e]) but failed to remove it when the web application was stopped. Threads are going to be renewed over time to try and avoid a probable memory leak.
六月 27, 2017 5:05:07 下午 org.apache.catalina.loader.WebappClassLoader checkThreadLocalMapForLeaks
严重: The web application [/tmall_ssh] created a ThreadLocal with key of type [com.opensymphony.xwork2.inject.ContainerImpl$10] (value [com.opensymphony.xwork2.inject.ContainerImpl$10@a43823]) and a value of type [java.lang.Object[]] (value [[Ljava.lang.Object;@9b995e]) but failed to remove it when the web application was stopped. Threads are going to be renewed over time to try and avoid a probable memory leak.
六月 27, 2017 5:05:07 下午 org.apache.catalina.loader.WebappClassLoader checkThreadLocalMapForLeaks
严重: The web application [/tmall_ssh] created a ThreadLocal with key of type [com.opensymphony.xwork2.inject.ContainerImpl$10] (value [com.opensymphony.xwork2.inject.ContainerImpl$10@a43823]) and a value of type [java.lang.Object[]] (value [[Ljava.lang.Object;@1d7dcbf]) but failed to remove it when the web application was stopped. Threads are going to be renewed over time to try and avoid a probable memory leak.
六月 27, 2017 5:05:07 下午 org.apache.catalina.loader.WebappClassLoader checkThreadLocalMapForLeaks
严重: The web application [/tmall_ssh] created a ThreadLocal with key of type [com.opensymphony.xwork2.inject.ContainerImpl$10] (value [com.opensymphony.xwork2.inject.ContainerImpl$10@a43823]) and a value of type [java.lang.Object[]] (value [[Ljava.lang.Object;@13f45dd]) but failed to remove it when the web application was stopped. Threads are going to be renewed over time to try and avoid a probable memory leak.
六月 27, 2017 5:05:07 下午 org.apache.catalina.loader.WebappClassLoader checkThreadLocalMapForLeaks
严重: The web application [/tmall_ssh] created a ThreadLocal with key of type [com.opensymphony.xwork2.inject.ContainerImpl$10] (value [com.opensymphony.xwork2.inject.ContainerImpl$10@a43823]) and a value of type [java.lang.Object[]] (value [[Ljava.lang.Object;@21496b]) but failed to remove it when the web application was stopped. Threads are going to be renewed over time to try and avoid a probable memory leak.
六月 27, 2017 5:05:07 下午 org.apache.coyote.AbstractProtocol stop
信息: Stopping ProtocolHandler ["http-bio-3030"]
六月 27, 2017 5:05:07 下午 org.apache.coyote.AbstractProtocol stop
信息: Stopping ProtocolHandler ["ajp-bio-3039"]
六月 27, 2017 5:05:07 下午 org.apache.coyote.AbstractProtocol destroy
信息: Destroying ProtocolHandler ["http-bio-3030"]
六月 27, 2017 5:05:07 下午 org.apache.coyote.AbstractProtocol destroy
信息: Destroying ProtocolHandler ["ajp-bio-3039"]
六月 27, 2017 5:05:17 下午 org.apache.catalina.startup.VersionLoggerListener log
信息: Server version:        Apache Tomcat/7.0.64
六月 27, 2017 5:05:17 下午 org.apache.catalina.startup.VersionLoggerListener log
信息: Server built:          Aug 19 2015 17:18:06 UTC
六月 27, 2017 5:05:17 下午 org.apache.catalina.startup.VersionLoggerListener log
信息: Server number:         7.0.64.0
六月 27, 2017 5:05:17 下午 org.apache.catalina.startup.VersionLoggerListener log
信息: OS Name:               Windows 10
六月 27, 2017 5:05:17 下午 org.apache.catalina.startup.VersionLoggerListener log
信息: OS Version:            10.0
六月 27, 2017 5:05:17 下午 org.apache.catalina.startup.VersionLoggerListener log
信息: Architecture:          x86
六月 27, 2017 5:05:17 下午 org.apache.catalina.startup.VersionLoggerListener log
信息: Java Home:             C:\Users\X7TI\Downloads\tomcat_with_jdk_hsqldb_tmall_ssh\jdk\jre
六月 27, 2017 5:05:17 下午 org.apache.catalina.startup.VersionLoggerListener log
信息: JVM Version:           1.8.0_65-b17
六月 27, 2017 5:05:17 下午 org.apache.catalina.startup.VersionLoggerListener log
信息: JVM Vendor:            Oracle Corporation
六月 27, 2017 5:05:17 下午 org.apache.catalina.startup.VersionLoggerListener log
信息: CATALINA_BASE:         C:\Users\X7TI\Downloads\tomcat_with_jdk_hsqldb_tmall_ssh
六月 27, 2017 5:05:17 下午 org.apache.catalina.startup.VersionLoggerListener log
信息: CATALINA_HOME:         C:\Users\X7TI\Downloads\tomcat_with_jdk_hsqldb_tmall_ssh
六月 27, 2017 5:05:17 下午 org.apache.catalina.startup.VersionLoggerListener log
信息: Command line argument: -Djava.util.logging.config.file=C:\Users\X7TI\Downloads\tomcat_with_jdk_hsqldb_tmall_ssh\conf\logging.properties
六月 27, 2017 5:05:17 下午 org.apache.catalina.startup.VersionLoggerListener log
信息: Command line argument: -Djava.util.logging.manager=org.apache.juli.ClassLoaderLogManager
六月 27, 2017 5:05:17 下午 org.apache.catalina.startup.VersionLoggerListener log
信息: Command line argument: -Djava.endorsed.dirs=C:\Users\X7TI\Downloads\tomcat_with_jdk_hsqldb_tmall_ssh\endorsed
六月 27, 2017 5:05:17 下午 org.apache.catalina.startup.VersionLoggerListener log
信息: Command line argument: -Dcatalina.base=C:\Users\X7TI\Downloads\tomcat_with_jdk_hsqldb_tmall_ssh
六月 27, 2017 5:05:17 下午 org.apache.catalina.startup.VersionLoggerListener log
信息: Command line argument: -Dcatalina.home=C:\Users\X7TI\Downloads\tomcat_with_jdk_hsqldb_tmall_ssh
六月 27, 2017 5:05:17 下午 org.apache.catalina.startup.VersionLoggerListener log
信息: Command line argument: -Djava.io.tmpdir=C:\Users\X7TI\Downloads\tomcat_with_jdk_hsqldb_tmall_ssh\temp
六月 27, 2017 5:05:17 下午 org.apache.catalina.core.AprLifecycleListener lifecycleEvent
信息: The APR based Apache Tomcat Native library which allows optimal performance in production environments was not found on the java.library.path: C:\Users\X7TI\Downloads\tomcat_with_jdk_hsqldb_tmall_ssh\jdk\jre\bin;C:\Windows\Sun\Java\bin;C:\Windows\system32;C:\Windows;C:\Windows\system32;C:\Windows;C:\Windows\System32\Wbem;C:\Windows\System32\WindowsPowerShell\v1.0\;D:\software\jdk8\bin;C:\Program Files (x86)\NVIDIA Corporation\PhysX\Common;C:\Users\X7TI\AppData\Local\Microsoft\WindowsApps;;.
六月 27, 2017 5:05:18 下午 org.apache.coyote.AbstractProtocol init
信息: Initializing ProtocolHandler ["http-bio-3030"]
六月 27, 2017 5:05:18 下午 org.apache.coyote.AbstractProtocol init
信息: Initializing ProtocolHandler ["ajp-bio-3039"]
六月 27, 2017 5:05:18 下午 org.apache.catalina.startup.Catalina load
信息: Initialization processed in 332 ms
六月 27, 2017 5:05:18 下午 org.apache.catalina.core.StandardService startInternal
信息: Starting service Catalina
六月 27, 2017 5:05:18 下午 org.apache.catalina.core.StandardEngine startInternal
信息: Starting Servlet Engine: Apache Tomcat/7.0.64
六月 27, 2017 5:05:18 下午 org.apache.catalina.startup.HostConfig deployDirectory
信息: Deploying web application directory C:\Users\X7TI\Downloads\tomcat_with_jdk_hsqldb_tmall_ssh\webapps\tmall_ssh
六月 27, 2017 5:05:18 下午 org.apache.catalina.loader.WebappClassLoader validateJarFile
信息: validateJarFile(C:\Users\X7TI\Downloads\tomcat_with_jdk_hsqldb_tmall_ssh\webapps\tmall_ssh\WEB-INF\lib\servlet-api.jar) - jar not loaded. See Servlet Spec 3.0, section 10.7.2. Offending class: javax/servlet/Servlet.class
六月 27, 2017 5:05:19 下午 org.apache.catalina.startup.TldConfig execute
信息: At least one JAR was scanned for TLDs yet contained no TLDs. Enable debug logging for this logger for a complete list of JARs that were scanned but no TLDs were found in them. Skipping unneeded JARs during scanning can improve startup time and JSP compilation time.
六月 27, 2017 5:05:21 下午 org.apache.catalina.session.StandardManager doLoad
严重: IOException while loading persisted sessions: java.io.WriteAbortedException: writing aborted; java.io.NotSerializableException: com.how2java.tmall.pojo.Category
java.io.WriteAbortedException: writing aborted; java.io.NotSerializableException: com.how2java.tmall.pojo.Category
	at java.io.ObjectInputStream.readObject0(ObjectInputStream.java:1355)
	at java.io.ObjectInputStream.readObject(ObjectInputStream.java:371)
	at java.util.ArrayList.readObject(ArrayList.java:791)
	at sun.reflect.NativeMethodAccessorImpl.invoke0(Native Method)
	at sun.reflect.NativeMethodAccessorImpl.invoke(NativeMethodAccessorImpl.java:62)
	at sun.reflect.DelegatingMethodAccessorImpl.invoke(DelegatingMethodAccessorImpl.java:43)
	at java.lang.reflect.Method.invoke(Method.java:497)
	at java.io.ObjectStreamClass.invokeReadObject(ObjectStreamClass.java:1058)
	at java.io.ObjectInputStream.readSerialData(ObjectInputStream.java:1900)
	at java.io.ObjectInputStream.readOrdinaryObject(ObjectInputStream.java:1801)
	at java.io.ObjectInputStream.readObject0(ObjectInputStream.java:1351)
	at java.io.ObjectInputStream.readObject(ObjectInputStream.java:371)
	at org.apache.catalina.session.StandardSession.readObject(StandardSession.java:1619)
	at org.apache.catalina.session.StandardSession.readObjectData(StandardSession.java:1084)
	at org.apache.catalina.session.StandardManager.doLoad(StandardManager.java:282)
	at org.apache.catalina.session.StandardManager.load(StandardManager.java:202)
	at org.apache.catalina.session.StandardManager.startInternal(StandardManager.java:489)
	at org.apache.catalina.util.LifecycleBase.start(LifecycleBase.java:150)
	at org.apache.catalina.core.StandardContext.startInternal(StandardContext.java:5526)
	at org.apache.catalina.util.LifecycleBase.start(LifecycleBase.java:150)
	at org.apache.catalina.core.ContainerBase.addChildInternal(ContainerBase.java:901)
	at org.apache.catalina.core.ContainerBase.addChild(ContainerBase.java:877)
	at org.apache.catalina.core.StandardHost.addChild(StandardHost.java:652)
	at org.apache.catalina.startup.HostConfig.deployDirectory(HostConfig.java:1263)
	at org.apache.catalina.startup.HostConfig$DeployDirectory.run(HostConfig.java:1948)
	at java.util.concurrent.Executors$RunnableAdapter.call(Executors.java:511)
	at java.util.concurrent.FutureTask.run(FutureTask.java:266)
	at java.util.concurrent.ThreadPoolExecutor.runWorker(ThreadPoolExecutor.java:1142)
	at java.util.concurrent.ThreadPoolExecutor$Worker.run(ThreadPoolExecutor.java:617)
	at java.lang.Thread.run(Thread.java:745)
Caused by: java.io.NotSerializableException: com.how2java.tmall.pojo.Category
	at java.io.ObjectOutputStream.writeObject0(ObjectOutputStream.java:1184)
	at java.io.ObjectOutputStream.writeObject(ObjectOutputStream.java:348)
	at java.util.ArrayList.writeObject(ArrayList.java:762)
	at sun.reflect.NativeMethodAccessorImpl.invoke0(Native Method)
	at sun.reflect.NativeMethodAccessorImpl.invoke(NativeMethodAccessorImpl.java:62)
	at sun.reflect.DelegatingMethodAccessorImpl.invoke(DelegatingMethodAccessorImpl.java:43)
	at java.lang.reflect.Method.invoke(Method.java:497)
	at java.io.ObjectStreamClass.invokeWriteObject(ObjectStreamClass.java:1028)
	at java.io.ObjectOutputStream.writeSerialData(ObjectOutputStream.java:1496)
	at java.io.ObjectOutputStream.writeOrdinaryObject(ObjectOutputStream.java:1432)
	at java.io.ObjectOutputStream.writeObject0(ObjectOutputStream.java:1178)
	at java.io.ObjectOutputStream.writeObject(ObjectOutputStream.java:348)
	at org.apache.catalina.session.StandardSession.writeObject(StandardSession.java:1695)
	at org.apache.catalina.session.StandardSession.writeObjectData(StandardSession.java:1101)
	at org.apache.catalina.session.StandardManager.doUnload(StandardManager.java:430)
	at org.apache.catalina.session.StandardManager.unload(StandardManager.java:351)
	at org.apache.catalina.session.StandardManager.stopInternal(StandardManager.java:516)
	at org.apache.catalina.util.LifecycleBase.stop(LifecycleBase.java:232)
	at org.apache.catalina.core.StandardContext.stopInternal(StandardContext.java:5708)
	at org.apache.catalina.util.LifecycleBase.stop(LifecycleBase.java:232)
	at org.apache.catalina.core.ContainerBase$StopChild.call(ContainerBase.java:1590)
	at org.apache.catalina.core.ContainerBase$StopChild.call(ContainerBase.java:1579)
	... 4 more

六月 27, 2017 5:05:21 下午 org.apache.catalina.session.StandardManager startInternal
严重: Exception loading sessions from persistent storage
java.io.WriteAbortedException: writing aborted; java.io.NotSerializableException: com.how2java.tmall.pojo.Category
	at java.io.ObjectInputStream.readObject0(ObjectInputStream.java:1355)
	at java.io.ObjectInputStream.readObject(ObjectInputStream.java:371)
	at java.util.ArrayList.readObject(ArrayList.java:791)
	at sun.reflect.NativeMethodAccessorImpl.invoke0(Native Method)
	at sun.reflect.NativeMethodAccessorImpl.invoke(NativeMethodAccessorImpl.java:62)
	at sun.reflect.DelegatingMethodAccessorImpl.invoke(DelegatingMethodAccessorImpl.java:43)
	at java.lang.reflect.Method.invoke(Method.java:497)
	at java.io.ObjectStreamClass.invokeReadObject(ObjectStreamClass.java:1058)
	at java.io.ObjectInputStream.readSerialData(ObjectInputStream.java:1900)
	at java.io.ObjectInputStream.readOrdinaryObject(ObjectInputStream.java:1801)
	at java.io.ObjectInputStream.readObject0(ObjectInputStream.java:1351)
	at java.io.ObjectInputStream.readObject(ObjectInputStream.java:371)
	at org.apache.catalina.session.StandardSession.readObject(StandardSession.java:1619)
	at org.apache.catalina.session.StandardSession.readObjectData(StandardSession.java:1084)
	at org.apache.catalina.session.StandardManager.doLoad(StandardManager.java:282)
	at org.apache.catalina.session.StandardManager.load(StandardManager.java:202)
	at org.apache.catalina.session.StandardManager.startInternal(StandardManager.java:489)
	at org.apache.catalina.util.LifecycleBase.start(LifecycleBase.java:150)
	at org.apache.catalina.core.StandardContext.startInternal(StandardContext.java:5526)
	at org.apache.catalina.util.LifecycleBase.start(LifecycleBase.java:150)
	at org.apache.catalina.core.ContainerBase.addChildInternal(ContainerBase.java:901)
	at org.apache.catalina.core.ContainerBase.addChild(ContainerBase.java:877)
	at org.apache.catalina.core.StandardHost.addChild(StandardHost.java:652)
	at org.apache.catalina.startup.HostConfig.deployDirectory(HostConfig.java:1263)
	at org.apache.catalina.startup.HostConfig$DeployDirectory.run(HostConfig.java:1948)
	at java.util.concurrent.Executors$RunnableAdapter.call(Executors.java:511)
	at java.util.concurrent.FutureTask.run(FutureTask.java:266)
	at java.util.concurrent.ThreadPoolExecutor.runWorker(ThreadPoolExecutor.java:1142)
	at java.util.concurrent.ThreadPoolExecutor$Worker.run(ThreadPoolExecutor.java:617)
	at java.lang.Thread.run(Thread.java:745)
Caused by: java.io.NotSerializableException: com.how2java.tmall.pojo.Category
	at java.io.ObjectOutputStream.writeObject0(ObjectOutputStream.java:1184)
	at java.io.ObjectOutputStream.writeObject(ObjectOutputStream.java:348)
	at java.util.ArrayList.writeObject(ArrayList.java:762)
	at sun.reflect.NativeMethodAccessorImpl.invoke0(Native Method)
	at sun.reflect.NativeMethodAccessorImpl.invoke(NativeMethodAccessorImpl.java:62)
	at sun.reflect.DelegatingMethodAccessorImpl.invoke(DelegatingMethodAccessorImpl.java:43)
	at java.lang.reflect.Method.invoke(Method.java:497)
	at java.io.ObjectStreamClass.invokeWriteObject(ObjectStreamClass.java:1028)
	at java.io.ObjectOutputStream.writeSerialData(ObjectOutputStream.java:1496)
	at java.io.ObjectOutputStream.writeOrdinaryObject(ObjectOutputStream.java:1432)
	at java.io.ObjectOutputStream.writeObject0(ObjectOutputStream.java:1178)
	at java.io.ObjectOutputStream.writeObject(ObjectOutputStream.java:348)
	at org.apache.catalina.session.StandardSession.writeObject(StandardSession.java:1695)
	at org.apache.catalina.session.StandardSession.writeObjectData(StandardSession.java:1101)
	at org.apache.catalina.session.StandardManager.doUnload(StandardManager.java:430)
	at org.apache.catalina.session.StandardManager.unload(StandardManager.java:351)
	at org.apache.catalina.session.StandardManager.stopInternal(StandardManager.java:516)
	at org.apache.catalina.util.LifecycleBase.stop(LifecycleBase.java:232)
	at org.apache.catalina.core.StandardContext.stopInternal(StandardContext.java:5708)
	at org.apache.catalina.util.LifecycleBase.stop(LifecycleBase.java:232)
	at org.apache.catalina.core.ContainerBase$StopChild.call(ContainerBase.java:1590)
	at org.apache.catalina.core.ContainerBase$StopChild.call(ContainerBase.java:1579)
	... 4 more

六月 27, 2017 5:05:22 下午 org.apache.catalina.startup.HostConfig deployDirectory
信息: Deployment of web application directory C:\Users\X7TI\Downloads\tomcat_with_jdk_hsqldb_tmall_ssh\webapps\tmall_ssh has finished in 4,500 ms
六月 27, 2017 5:05:22 下午 org.apache.coyote.AbstractProtocol start
信息: Starting ProtocolHandler ["http-bio-3030"]
六月 27, 2017 5:05:22 下午 org.apache.coyote.AbstractProtocol start
信息: Starting ProtocolHandler ["ajp-bio-3039"]
六月 27, 2017 5:05:22 下午 org.apache.catalina.startup.Catalina start
信息: Server startup in 4538 ms
六月 27, 2017 5:05:27 下午 org.apache.coyote.AbstractProtocol pause
信息: Pausing ProtocolHandler ["http-bio-3030"]
六月 27, 2017 5:05:37 下午 org.apache.catalina.startup.VersionLoggerListener log
信息: Server version:        Apache Tomcat/7.0.64
六月 27, 2017 5:05:37 下午 org.apache.catalina.startup.VersionLoggerListener log
信息: Server built:          Aug 19 2015 17:18:06 UTC
六月 27, 2017 5:05:37 下午 org.apache.catalina.startup.VersionLoggerListener log
信息: Server number:         7.0.64.0
六月 27, 2017 5:05:37 下午 org.apache.catalina.startup.VersionLoggerListener log
信息: OS Name:               Windows 10
六月 27, 2017 5:05:37 下午 org.apache.catalina.startup.VersionLoggerListener log
信息: OS Version:            10.0
六月 27, 2017 5:05:37 下午 org.apache.catalina.startup.VersionLoggerListener log
信息: Architecture:          x86
六月 27, 2017 5:05:37 下午 org.apache.catalina.startup.VersionLoggerListener log
信息: Java Home:             C:\Users\X7TI\Downloads\tomcat_with_jdk_hsqldb_tmall_ssh\jdk\jre
六月 27, 2017 5:05:37 下午 org.apache.catalina.startup.VersionLoggerListener log
信息: JVM Version:           1.8.0_65-b17
六月 27, 2017 5:05:37 下午 org.apache.catalina.startup.VersionLoggerListener log
信息: JVM Vendor:            Oracle Corporation
六月 27, 2017 5:05:37 下午 org.apache.catalina.startup.VersionLoggerListener log
信息: CATALINA_BASE:         C:\Users\X7TI\Downloads\tomcat_with_jdk_hsqldb_tmall_ssh
六月 27, 2017 5:05:37 下午 org.apache.catalina.startup.VersionLoggerListener log
信息: CATALINA_HOME:         C:\Users\X7TI\Downloads\tomcat_with_jdk_hsqldb_tmall_ssh
六月 27, 2017 5:05:37 下午 org.apache.catalina.startup.VersionLoggerListener log
信息: Command line argument: -Djava.util.logging.config.file=C:\Users\X7TI\Downloads\tomcat_with_jdk_hsqldb_tmall_ssh\conf\logging.properties
六月 27, 2017 5:05:37 下午 org.apache.catalina.startup.VersionLoggerListener log
信息: Command line argument: -Djava.util.logging.manager=org.apache.juli.ClassLoaderLogManager
六月 27, 2017 5:05:37 下午 org.apache.catalina.startup.VersionLoggerListener log
信息: Command line argument: -Djava.endorsed.dirs=C:\Users\X7TI\Downloads\tomcat_with_jdk_hsqldb_tmall_ssh\endorsed
六月 27, 2017 5:05:37 下午 org.apache.catalina.startup.VersionLoggerListener log
信息: Command line argument: -Dcatalina.base=C:\Users\X7TI\Downloads\tomcat_with_jdk_hsqldb_tmall_ssh
六月 27, 2017 5:05:37 下午 org.apache.catalina.startup.VersionLoggerListener log
信息: Command line argument: -Dcatalina.home=C:\Users\X7TI\Downloads\tomcat_with_jdk_hsqldb_tmall_ssh
六月 27, 2017 5:05:37 下午 org.apache.catalina.startup.VersionLoggerListener log
信息: Command line argument: -Djava.io.tmpdir=C:\Users\X7TI\Downloads\tomcat_with_jdk_hsqldb_tmall_ssh\temp
六月 27, 2017 5:05:37 下午 org.apache.catalina.core.AprLifecycleListener lifecycleEvent
信息: The APR based Apache Tomcat Native library which allows optimal performance in production environments was not found on the java.library.path: C:\Users\X7TI\Downloads\tomcat_with_jdk_hsqldb_tmall_ssh\jdk\jre\bin;C:\Windows\Sun\Java\bin;C:\Windows\system32;C:\Windows;C:\Windows\system32;C:\Windows;C:\Windows\System32\Wbem;C:\Windows\System32\WindowsPowerShell\v1.0\;D:\software\jdk8\bin;C:\Program Files (x86)\NVIDIA Corporation\PhysX\Common;C:\Users\X7TI\AppData\Local\Microsoft\WindowsApps;;.
六月 27, 2017 5:05:37 下午 org.apache.coyote.AbstractProtocol init
信息: Initializing ProtocolHandler ["http-bio-3030"]
六月 27, 2017 5:05:37 下午 org.apache.coyote.AbstractProtocol init
信息: Initializing ProtocolHandler ["ajp-bio-3039"]
六月 27, 2017 5:05:37 下午 org.apache.catalina.startup.Catalina load
信息: Initialization processed in 338 ms
六月 27, 2017 5:05:37 下午 org.apache.catalina.core.StandardService startInternal
信息: Starting service Catalina
六月 27, 2017 5:05:37 下午 org.apache.catalina.core.StandardEngine startInternal
信息: Starting Servlet Engine: Apache Tomcat/7.0.64
六月 27, 2017 5:05:37 下午 org.apache.catalina.startup.HostConfig deployDirectory
信息: Deploying web application directory C:\Users\X7TI\Downloads\tomcat_with_jdk_hsqldb_tmall_ssh\webapps\tmall_ssh
六月 27, 2017 5:05:37 下午 org.apache.catalina.loader.WebappClassLoader validateJarFile
信息: validateJarFile(C:\Users\X7TI\Downloads\tomcat_with_jdk_hsqldb_tmall_ssh\webapps\tmall_ssh\WEB-INF\lib\servlet-api.jar) - jar not loaded. See Servlet Spec 3.0, section 10.7.2. Offending class: javax/servlet/Servlet.class
六月 27, 2017 5:05:38 下午 org.apache.catalina.startup.TldConfig execute
信息: At least one JAR was scanned for TLDs yet contained no TLDs. Enable debug logging for this logger for a complete list of JARs that were scanned but no TLDs were found in them. Skipping unneeded JARs during scanning can improve startup time and JSP compilation time.
六月 27, 2017 5:05:41 下午 org.apache.catalina.startup.HostConfig deployDirectory
信息: Deployment of web application directory C:\Users\X7TI\Downloads\tomcat_with_jdk_hsqldb_tmall_ssh\webapps\tmall_ssh has finished in 4,364 ms
六月 27, 2017 5:05:41 下午 org.apache.coyote.AbstractProtocol start
信息: Starting ProtocolHandler ["http-bio-3030"]
六月 27, 2017 5:05:41 下午 org.apache.coyote.AbstractProtocol start
信息: Starting ProtocolHandler ["ajp-bio-3039"]
六月 27, 2017 5:05:41 下午 org.apache.catalina.startup.Catalina start
信息: Server startup in 4402 ms
六月 27, 2017 5:05:43 下午 org.apache.jasper.compiler.TldLocationsCache tldScanJar
信息: At least one JAR was scanned for TLDs yet contained no TLDs. Enable debug logging for this logger for a complete list of JARs that were scanned but no TLDs were found in them. Skipping unneeded JARs during scanning can improve startup time and JSP compilation time.
六月 27, 2017 5:05:48 下午 org.apache.coyote.AbstractProtocol pause
信息: Pausing ProtocolHandler ["http-bio-3030"]
